<?xml version="1.0" encoding="UTF-8"?>
<robot generator="Robot 4.1.1 (Python 3.9.1 on win32)" generated="20210916 19:03:53.133" rpa="false" schemaversion="2">
<suite id="s1" name="TC002" source="C:\robot_Sonda\robot-sonda-sd\robot-sonda-sd\robot-sonda-bo\TC002.robot">
<test id="s1-t1" name="LoginSondaBO">
<kw name="Open Browser" library="SeleniumLibrary">
<arg>http://190.149.249.218:8088</arg>
<arg>chrome</arg>
<doc>Opens a new browser instance to the optional ``url``.</doc>
<msg timestamp="20210916 19:03:53.460" level="INFO">Opening browser 'chrome' to base url 'http://190.149.249.218:8088'.</msg>
<status status="PASS" starttime="20210916 19:03:53.460" endtime="20210916 19:03:57.245"/>
</kw>
<kw name="Maximize Browser Window" library="SeleniumLibrary">
<doc>Maximizes current browser window.</doc>
<kw name="Capture Page Screenshot" library="SeleniumLibrary">
<doc>Takes a screenshot of the current page and embeds it into a log file.</doc>
<msg timestamp="20210916 19:03:57.291" level="FAIL">NoSuchWindowException: Message: no such window: target window already closed
from unknown error: web view not found
  (Session info: chrome=93.0.4577.82)
</msg>
<status status="FAIL" starttime="20210916 19:03:57.259" endtime="20210916 19:03:57.291"/>
</kw>
<msg timestamp="20210916 19:03:57.291" level="WARN">Keyword 'Capture Page Screenshot' could not be run on failure: NoSuchWindowException: Message: no such window: target window already closed
from unknown error: web view not found
  (Session info: chrome=93.0.4577.82)
</msg>
<msg timestamp="20210916 19:03:57.306" level="FAIL">NoSuchWindowException: Message: no such window: target window already closed
from unknown error: web view not found
  (Session info: chrome=93.0.4577.82)
</msg>
<status status="FAIL" starttime="20210916 19:03:57.246" endtime="20210916 19:03:57.306"/>
</kw>
<kw name="Input Text" library="SeleniumLibrary">
<arg>name=UiCalllbackPanel$txtUsuario</arg>
<arg>gerente@diprocom</arg>
<doc>Types the given ``text`` into the text field identified by ``locator``.</doc>
<status status="NOT RUN" starttime="20210916 19:03:57.307" endtime="20210916 19:03:57.307"/>
</kw>
<kw name="Input Text" library="SeleniumLibrary">
<arg>name=UiCalllbackPanel$txtPass</arg>
<arg>1237710</arg>
<doc>Types the given ``text`` into the text field identified by ``locator``.</doc>
<status status="NOT RUN" starttime="20210916 19:03:57.308" endtime="20210916 19:03:57.308"/>
</kw>
<kw name="Press Keys" library="SeleniumLibrary">
<arg>name=UiCalllbackPanel$txtPass</arg>
<arg>ENTER</arg>
<doc>Simulates the user pressing key(s) to an element or on the active browser.</doc>
<status status="NOT RUN" starttime="20210916 19:03:57.309" endtime="20210916 19:03:57.309"/>
</kw>
<kw name="Sleep" library="BuiltIn">
<arg>2</arg>
<doc>Pauses the test executed for the given time.</doc>
<status status="NOT RUN" starttime="20210916 19:03:57.309" endtime="20210916 19:03:57.309"/>
</kw>
<kw name="Click Element" library="SeleniumLibrary">
<arg>xpath=/html/body/form/div[5]/div/div[2]/div/table/tbody/tr[2]/td[1]/div</arg>
<doc>Click the element identified by ``locator``.</doc>
<status status="NOT RUN" starttime="20210916 19:03:57.310" endtime="20210916 19:03:57.310"/>
</kw>
<kw name="Sleep" library="BuiltIn">
<arg>5</arg>
<doc>Pauses the test executed for the given time.</doc>
<status status="NOT RUN" starttime="20210916 19:03:57.310" endtime="20210916 19:03:57.310"/>
</kw>
<kw name="Click Element" library="SeleniumLibrary">
<arg>xpath=/html/body/form/div[3]/table/tbody/tr/td[1]/div/table/tbody/tr[2]/td/div/div/div/ul/li/span</arg>
<doc>Click the element identified by ``locator``.</doc>
<status status="NOT RUN" starttime="20210916 19:03:57.311" endtime="20210916 19:03:57.311"/>
</kw>
<tag>login</tag>
<status status="FAIL" starttime="20210916 19:03:53.459" endtime="20210916 19:03:57.312">NoSuchWindowException: Message: no such window: target window already closed
from unknown error: web view not found
  (Session info: chrome=93.0.4577.82)
</status>
</test>
<test id="s1-t2" name=" Catalogos-ListaPrecios">
<kw name="Click Element" library="SeleniumLibrary">
<arg>xpath=//*[@id="ASPxSplitter1_ASPxSplitter2_ASPxTreeView1_CD"]/ul/li/ul/li[1]/span/img</arg>
<doc>Click the element identified by ``locator``.</doc>
<msg timestamp="20210916 19:03:57.315" level="INFO">Clicking element 'xpath=//*[@id="ASPxSplitter1_ASPxSplitter2_ASPxTreeView1_CD"]/ul/li/ul/li[1]/span/img'.</msg>
<kw name="Capture Page Screenshot" library="SeleniumLibrary">
<doc>Takes a screenshot of the current page and embeds it into a log file.</doc>
<msg timestamp="20210916 19:03:57.328" level="FAIL">NoSuchWindowException: Message: no such window: target window already closed
from unknown error: web view not found
  (Session info: chrome=93.0.4577.82)
</msg>
<status status="FAIL" starttime="20210916 19:03:57.318" endtime="20210916 19:03:57.328"/>
</kw>
<msg timestamp="20210916 19:03:57.328" level="WARN">Keyword 'Capture Page Screenshot' could not be run on failure: NoSuchWindowException: Message: no such window: target window already closed
from unknown error: web view not found
  (Session info: chrome=93.0.4577.82)
</msg>
<msg timestamp="20210916 19:03:57.332" level="FAIL">NoSuchWindowException: Message: no such window: target window already closed
from unknown error: web view not found
  (Session info: chrome=93.0.4577.82)
</msg>
<status status="FAIL" starttime="20210916 19:03:57.314" endtime="20210916 19:03:57.332"/>
</kw>
<kw name="Sleep" library="BuiltIn">
<arg>5</arg>
<doc>Pauses the test executed for the given time.</doc>
<status status="NOT RUN" starttime="20210916 19:03:57.333" endtime="20210916 19:03:57.334"/>
</kw>
<kw name="Click Element" library="SeleniumLibrary">
<arg>id=ASPxSplitter1_ASPxSplitter2_ASPxTreeView1_N0_0_7</arg>
<doc>Click the element identified by ``locator``.</doc>
<status status="NOT RUN" starttime="20210916 19:03:57.335" endtime="20210916 19:03:57.335"/>
</kw>
<kw name="Sleep" library="BuiltIn">
<arg>12</arg>
<doc>Pauses the test executed for the given time.</doc>
<status status="NOT RUN" starttime="20210916 19:03:57.336" endtime="20210916 19:03:57.336"/>
</kw>
<kw name="Select Frame" library="SeleniumLibrary">
<arg>xpath=//*[@id="ASPxSplitter1_ASPxSplitter3_1_CC"]</arg>
<doc>Sets frame identified by ``locator`` as the current frame.</doc>
<status status="NOT RUN" starttime="20210916 19:03:57.336" endtime="20210916 19:03:57.337"/>
</kw>
<kw name="Click Element" library="SeleniumLibrary">
<arg>xpath=//*[@id="split_pgcDet_ASPxFormLayout1_menOpciones_DXI0_T"]</arg>
<doc>Click the element identified by ``locator``.</doc>
<status status="NOT RUN" starttime="20210916 19:03:57.337" endtime="20210916 19:03:57.337"/>
</kw>
<kw name="Input Text" library="SeleniumLibrary">
<arg>id=split_pgcDet_ASPxFormLayout1_txtCodigo_I</arg>
<arg>123</arg>
<doc>Types the given ``text`` into the text field identified by ``locator``.</doc>
<status status="NOT RUN" starttime="20210916 19:03:57.338" endtime="20210916 19:03:57.338"/>
</kw>
<kw name="Input Text" library="SeleniumLibrary">
<arg>xpath=//*[@id="split_pgcDet_ASPxFormLayout1_txtNombre_I"]</arg>
<arg>11111</arg>
<doc>Types the given ``text`` into the text field identified by ``locator``.</doc>
<status status="NOT RUN" starttime="20210916 19:03:57.338" endtime="20210916 19:03:57.338"/>
</kw>
<kw name="Input Text" library="SeleniumLibrary">
<arg>xpath=//*[@id="split_pgcDet_ASPxFormLayout1_memComentario_I"]</arg>
<arg>PruebasAutomaticasConRobotFramework</arg>
<doc>Types the given ``text`` into the text field identified by ``locator``.</doc>
<status status="NOT RUN" starttime="20210916 19:03:57.339" endtime="20210916 19:03:57.339"/>
</kw>
<kw name="Sleep" library="BuiltIn">
<arg>1</arg>
<doc>Pauses the test executed for the given time.</doc>
<status status="NOT RUN" starttime="20210916 19:03:57.339" endtime="20210916 19:03:57.339"/>
</kw>
<kw name="Click Element" library="SeleniumLibrary">
<arg>xpath=//*[@id="split_pgcDet_ASPxFormLayout1_menOpciones_DXI2_T"]</arg>
<doc>Click the element identified by ``locator``.</doc>
<status status="NOT RUN" starttime="20210916 19:03:57.341" endtime="20210916 19:03:57.341"/>
</kw>
<tag>precios</tag>
<status status="FAIL" starttime="20210916 19:03:57.313" endtime="20210916 19:03:57.342">NoSuchWindowException: Message: no such window: target window already closed
from unknown error: web view not found
  (Session info: chrome=93.0.4577.82)
</status>
</test>
<status status="FAIL" starttime="20210916 19:03:53.135" endtime="20210916 19:03:57.343"/>
</suite>
<statistics>
<total>
<stat pass="0" fail="2" skip="0">All Tests</stat>
</total>
<tag>
<stat pass="0" fail="1" skip="0">login</stat>
<stat pass="0" fail="1" skip="0">precios</stat>
</tag>
<suite>
<stat pass="0" fail="2" skip="0" id="s1" name="TC002">TC002</stat>
</suite>
</statistics>
<errors>
<msg timestamp="20210916 19:03:57.291" level="WARN">Keyword 'Capture Page Screenshot' could not be run on failure: NoSuchWindowException: Message: no such window: target window already closed
from unknown error: web view not found
  (Session info: chrome=93.0.4577.82)
</msg>
<msg timestamp="20210916 19:03:57.328" level="WARN">Keyword 'Capture Page Screenshot' could not be run on failure: NoSuchWindowException: Message: no such window: target window already closed
from unknown error: web view not found
  (Session info: chrome=93.0.4577.82)
</msg>
</errors>
</robot>
